2025-06-21 04:15:50,831 - INFO - ================================================================================
2025-06-21 04:15:50,832 - INFO - BUILDING ENERGY PREDICTION ANALYSIS STARTED
2025-06-21 04:15:50,833 - INFO - ================================================================================
2025-06-21 04:15:50,834 - INFO - 🎯 Starting individual dataset analysis for three major US cities
2025-06-21 04:15:50,834 - INFO - ✅ Seattle, Chicago, and Washington DC energy benchmarking data
2025-06-21 04:15:50,836 - INFO - ✅ Found: seattle_2015_present -> data/seattle_2015_present.csv
2025-06-21 04:15:50,837 - INFO - ✅ Found: chicago_energy -> data/chicago_energy_benchmarking.csv
2025-06-21 04:15:50,838 - INFO - ✅ Found: washington_dc -> data/washington_dc_energy.csv
2025-06-21 04:15:50,839 - INFO - 🚀 Processing 3 available major US cities...
2025-06-21 04:15:50,839 - INFO - 
============================================================
2025-06-21 04:15:50,840 - INFO - PROCESSING SEATTLE_2015_PRESENT DATASET
2025-06-21 04:15:50,841 - INFO - ============================================================
2025-06-21 04:15:53,567 - INFO - 📊 seattle_2015_present Summary:
2025-06-21 04:15:53,567 - INFO -    Status: ❌ Failed
2025-06-21 04:15:53,567 - INFO -    Processing time: 2.7 seconds
2025-06-21 04:15:53,567 - ERROR -    ❌ seattle_2015_present analysis failed!
2025-06-21 04:15:53,568 - INFO - 
============================================================
2025-06-21 04:15:53,568 - INFO - PROCESSING CHICAGO_ENERGY DATASET
2025-06-21 04:15:53,568 - INFO - ============================================================
2025-06-21 04:15:54,545 - INFO - 📊 chicago_energy Summary:
2025-06-21 04:15:54,545 - INFO -    Status: ❌ Failed
2025-06-21 04:15:54,545 - INFO -    Processing time: 1.0 seconds
2025-06-21 04:15:54,546 - ERROR -    ❌ chicago_energy analysis failed!
2025-06-21 04:15:54,546 - INFO - 
============================================================
2025-06-21 04:15:54,546 - INFO - PROCESSING WASHINGTON_DC DATASET
2025-06-21 04:15:54,547 - INFO - ============================================================
