2025-06-21 03:52:36,671 - INFO - ================================================================================
2025-06-21 03:52:36,672 - INFO - BUILDING ENERGY PREDICTION ANALYSIS STARTED
2025-06-21 03:52:36,673 - INFO - ================================================================================
2025-06-21 03:52:36,673 - INFO - 🎯 Starting individual dataset analysis for three major US cities
2025-06-21 03:52:36,674 - INFO - ✅ Seattle, Chicago, and Washington DC energy benchmarking data
2025-06-21 03:52:36,674 - INFO - ✅ Found: seattle_2015_present -> data/seattle_2015_present.csv
2025-06-21 03:52:36,675 - INFO - ✅ Found: chicago_energy -> data/chicago_energy_benchmarking.csv
2025-06-21 03:52:36,676 - INFO - ✅ Found: washington_dc -> data/washington_dc_energy.csv
2025-06-21 03:52:36,677 - INFO - 🚀 Processing 3 available major US cities...
2025-06-21 03:52:36,677 - INFO - 
============================================================
2025-06-21 03:52:36,678 - INFO - PROCESSING SEATTLE_2015_PRESENT DATASET
2025-06-21 03:52:36,678 - INFO - ============================================================
2025-06-21 03:52:39,613 - INFO - 📊 seattle_2015_present Summary:
2025-06-21 03:52:39,614 - INFO -    Status: ❌ Failed
2025-06-21 03:52:39,614 - INFO -    Processing time: 2.9 seconds
2025-06-21 03:52:39,614 - ERROR -    ❌ seattle_2015_present analysis failed!
2025-06-21 03:52:39,614 - INFO - 
============================================================
2025-06-21 03:52:39,615 - INFO - PROCESSING CHICAGO_ENERGY DATASET
2025-06-21 03:52:39,615 - INFO - ============================================================
2025-06-21 03:52:40,621 - INFO - 📊 chicago_energy Summary:
2025-06-21 03:52:40,622 - INFO -    Status: ❌ Failed
2025-06-21 03:52:40,622 - INFO -    Processing time: 1.0 seconds
2025-06-21 03:52:40,622 - ERROR -    ❌ chicago_energy analysis failed!
2025-06-21 03:52:40,622 - INFO - 
============================================================
2025-06-21 03:52:40,623 - INFO - PROCESSING WASHINGTON_DC DATASET
2025-06-21 03:52:40,623 - INFO - ============================================================
