2025-06-21 04:00:47,379 - INFO - ================================================================================
2025-06-21 04:00:47,379 - INFO - BUILDING ENERGY PREDICTION ANALYSIS STARTED
2025-06-21 04:00:47,379 - INFO - ================================================================================
2025-06-21 04:00:47,379 - INFO - 🎯 Starting individual dataset analysis for three major US cities
2025-06-21 04:00:47,380 - INFO - ✅ Seattle, Chicago, and Washington DC energy benchmarking data
2025-06-21 04:00:47,380 - INFO - ✅ Found: seattle_2015_present -> data/seattle_2015_present.csv
2025-06-21 04:00:47,380 - INFO - ✅ Found: chicago_energy -> data/chicago_energy_benchmarking.csv
2025-06-21 04:00:47,381 - INFO - ✅ Found: washington_dc -> data/washington_dc_energy.csv
2025-06-21 04:00:47,381 - INFO - 🚀 Processing 3 available major US cities...
2025-06-21 04:00:47,381 - INFO - 
============================================================
2025-06-21 04:00:47,381 - INFO - PROCESSING SEATTLE_2015_PRESENT DATASET
2025-06-21 04:00:47,382 - INFO - ============================================================
2025-06-21 04:01:17,474 - INFO - 📊 seattle_2015_present Summary:
2025-06-21 04:01:17,475 - INFO -    Status: ✅ Success
2025-06-21 04:01:17,476 - INFO -    Processing time: 30.1 seconds
2025-06-21 04:01:17,476 - INFO -    ✅ seattle_2015_present analysis completed successfully!
2025-06-21 04:01:17,476 - INFO - 
============================================================
2025-06-21 04:01:17,477 - INFO - PROCESSING CHICAGO_ENERGY DATASET
2025-06-21 04:01:17,477 - INFO - ============================================================
2025-06-21 04:01:30,866 - INFO - 📊 chicago_energy Summary:
2025-06-21 04:01:30,866 - INFO -    Status: ✅ Success
2025-06-21 04:01:30,866 - INFO -    Processing time: 13.4 seconds
2025-06-21 04:01:30,866 - INFO -    ✅ chicago_energy analysis completed successfully!
2025-06-21 04:01:30,866 - INFO - 
============================================================
2025-06-21 04:01:30,867 - INFO - PROCESSING WASHINGTON_DC DATASET
2025-06-21 04:01:30,867 - INFO - ============================================================
2025-06-21 04:01:50,685 - INFO - 📊 washington_dc Summary:
2025-06-21 04:01:50,685 - INFO -    Status: ✅ Success
2025-06-21 04:01:50,685 - INFO -    Processing time: 19.8 seconds
2025-06-21 04:01:50,685 - INFO -    ✅ washington_dc analysis completed successfully!
2025-06-21 04:01:50,686 - INFO - 
================================================================================
2025-06-21 04:01:50,686 - INFO - INDIVIDUAL ANALYSIS COMPLETED
2025-06-21 04:01:50,686 - INFO - ================================================================================
2025-06-21 04:01:50,686 - INFO - 📊 Final Results Summary:
2025-06-21 04:01:50,686 - INFO -    Total execution time: 63.3 seconds (1.1 minutes)
2025-06-21 04:01:50,687 - INFO -    Successful datasets: 3/3
2025-06-21 04:01:50,687 - INFO -    Available datasets: 3/3
2025-06-21 04:01:50,687 - INFO - 🎉 Successfully analyzed cities:
2025-06-21 04:01:50,687 - INFO -    ✅ seattle_2015_present: 30.1s
2025-06-21 04:01:50,687 - INFO -    ✅ chicago_energy: 13.4s
2025-06-21 04:01:50,688 - INFO -    ✅ washington_dc: 19.8s
2025-06-21 04:01:50,688 - INFO - 📁 Results saved in:
2025-06-21 04:01:50,688 - INFO -    📂 outputs/seattle_2015_present/
2025-06-21 04:01:50,689 - INFO -    📂 outputs/chicago_energy/
2025-06-21 04:01:50,689 - INFO -    📂 outputs/washington_dc/
2025-06-21 04:01:50,691 - INFO - 📄 Analysis summary saved to: logs/analysis_summary_20250621_040150.json
2025-06-21 04:01:50,691 - INFO - 🏁 Analysis pipeline completed!
2025-06-21 04:01:50,691 - INFO - ================================================================================
