2025-06-21 06:25:14,538 - INFO - ================================================================================
2025-06-21 06:25:14,538 - INFO - FAIR BUILDING ENERGY PREDICTION ANALYSIS STARTED
2025-06-21 06:25:14,539 - INFO - ================================================================================
2025-06-21 06:25:14,539 - INFO - 🎯 Starting FAIR individual dataset analysis for three major US cities
2025-06-21 06:25:14,540 - INFO - ✅ Equal treatment preprocessing with adaptive thresholds
2025-06-21 06:25:14,540 - INFO - 🏙️ Seattle, Chicago, and Washington DC energy benchmarking data
2025-06-21 06:25:14,541 - INFO - ✅ Found: seattle_2015_present -> data/seattle_2015_present.csv
2025-06-21 06:25:14,541 - INFO - ✅ Found: chicago_energy -> data/chicago_energy_benchmarking.csv
2025-06-21 06:25:14,541 - INFO - ✅ Found: washington_dc -> data/washington_dc_energy.csv
2025-06-21 06:25:14,542 - INFO - 🚀 Processing 3 available major US cities with FAIR treatment...
2025-06-21 06:25:14,542 - INFO - 
============================================================
2025-06-21 06:25:14,542 - INFO - FAIR PROCESSING: SEATTLE_2015_PRESENT
2025-06-21 06:25:14,542 - INFO - ============================================================
2025-06-21 06:25:59,372 - INFO - 📊 seattle_2015_present FAIR Summary:
2025-06-21 06:25:59,373 - INFO -    Status: ✅ Success
2025-06-21 06:25:59,373 - INFO -    Processing time: 44.8 seconds
2025-06-21 06:25:59,373 - INFO -    ✅ seattle_2015_present FAIR analysis completed successfully!
2025-06-21 06:25:59,373 - INFO - 
============================================================
2025-06-21 06:25:59,373 - INFO - FAIR PROCESSING: CHICAGO_ENERGY
2025-06-21 06:25:59,374 - INFO - ============================================================
2025-06-21 06:26:29,196 - INFO - 📊 chicago_energy FAIR Summary:
2025-06-21 06:26:29,196 - INFO -    Status: ✅ Success
2025-06-21 06:26:29,197 - INFO -    Processing time: 29.8 seconds
2025-06-21 06:26:29,197 - INFO -    ✅ chicago_energy FAIR analysis completed successfully!
2025-06-21 06:26:29,197 - INFO - 
============================================================
2025-06-21 06:26:29,197 - INFO - FAIR PROCESSING: WASHINGTON_DC
2025-06-21 06:26:29,197 - INFO - ============================================================
2025-06-21 06:31:18,132 - INFO - 📊 washington_dc FAIR Summary:
2025-06-21 06:31:18,133 - INFO -    Status: ✅ Success
2025-06-21 06:31:18,134 - INFO -    Processing time: 288.9 seconds
2025-06-21 06:31:18,135 - INFO -    ✅ washington_dc FAIR analysis completed successfully!
2025-06-21 06:31:18,136 - INFO - 
================================================================================
2025-06-21 06:31:18,137 - INFO - FAIR INDIVIDUAL ANALYSIS COMPLETED
2025-06-21 06:31:18,137 - INFO - ================================================================================
2025-06-21 06:31:18,138 - INFO - 📊 FAIR Analysis Results Summary:
2025-06-21 06:31:18,139 - INFO -    Total execution time: 363.6 seconds (6.1 minutes)
2025-06-21 06:31:18,140 - INFO -    Successful datasets: 3/3
2025-06-21 06:31:18,141 - INFO -    Available datasets: 3/3
2025-06-21 06:31:18,142 - INFO -    Success rate: 100.0%
2025-06-21 06:31:18,143 - INFO - 🎉 Successfully analyzed cities with FAIR treatment:
2025-06-21 06:31:18,144 - INFO -    ✅ Seattle 2015 Present: 44.8s
2025-06-21 06:31:18,144 - INFO -    ✅ Chicago Energy: 29.8s
2025-06-21 06:31:18,145 - INFO -    ✅ Washington Dc: 288.9s
2025-06-21 06:31:18,146 - INFO - 📁 Results saved in:
2025-06-21 06:31:18,147 - INFO -    📂 outputs/seattle_2015_present/
2025-06-21 06:31:18,147 - INFO -    📂 outputs/chicago_energy/
2025-06-21 06:31:18,148 - INFO -    📂 outputs/washington_dc/
2025-06-21 06:31:18,198 - INFO - 📄 FAIR analysis summary saved to: logs/fair_analysis_summary_20250621_063118.json
2025-06-21 06:31:18,199 - INFO - 🏁 FAIR analysis pipeline completed!
2025-06-21 06:31:18,200 - INFO - ================================================================================
